<?xml version="1.0" encoding="UTF-8"?>
<!-- Generated by org.testng.reporters.JUnitXMLReporter -->
<testsuite hostname="HDC-ITADM3152" name="MapSync WebApp Validation - Chrome" tests="2" failures="0" timestamp="9 Sep 2019 18:14:28 GMT" time="63.0" errors="0">
  <testcase name="mapSyncUIValidation" time="8.251" classname="com.qi.mapsync.tests.AU001_Uivalidation"/>
  <testcase name="testLiveIncident" time="40.437" classname="com.qi.mapsync.tests.AU002_LiveIncidentvalidation"/>
</testsuite> <!-- MapSync WebApp Validation - Chrome -->
