<?xml version="1.0" encoding="UTF-8"?>
<!-- Generated by org.testng.reporters.JUnitXMLReporter -->
<testsuite hostname="HDC-ITADM3152" name="MapSync WebApp Validation - Firefox" tests="2" failures="0" timestamp="9 Sep 2019 12:09:31 GMT" time="70.964" errors="0">
  <testcase name="mapSyncUIValidation" time="14.284" classname="com.qi.mapsync.tests.AU001_Uivalidation"/>
  <testcase name="testLiveIncident" time="36.185" classname="com.qi.mapsync.tests.AU002_LiveIncidentvalidation"/>
</testsuite> <!-- MapSync WebApp Validation - Firefox -->
