<?xml version="1.0" encoding="UTF-8"?>
<testng-results skipped="0" failed="0" total="1" passed="1">
  <reporter-output>
  </reporter-output>
  <suite name="Default suite" duration-ms="39791" started-at="2019-09-09T19:00:42Z" finished-at="2019-09-09T19:01:22Z">
    <groups>
    </groups>
    <test name="Default test" duration-ms="39791" started-at="2019-09-09T19:00:42Z" finished-at="2019-09-09T19:01:22Z">
      <class name="com.qi.mapsync.tests.AU011_SignInValidation">
        <test-method status="PASS" signature="cleanReportDirectory()[pri:0, instance:com.qi.mapsync.tests.AU011_SignInValidation@6a41eaa2]" name="cleanReportDirectory" is-config="true" duration-ms="19" started-at="2019-09-10T00:30:42Z" finished-at="2019-09-10T00:30:42Z">
          <reporter-output>
          </reporter-output>
        </test-method> <!-- cleanReportDirectory -->
        <test-method status="PASS" signature="initialize(java.lang.String)[pri:0, instance:com.qi.mapsync.tests.AU011_SignInValidation@6a41eaa2]" name="initialize" is-config="true" duration-ms="7266" started-at="2019-09-10T00:30:42Z" finished-at="2019-09-10T00:30:50Z">
          <params>
            <param index="0">
              <value is-null="true"/>
            </param>
          </params>
          <reporter-output>
          </reporter-output>
        </test-method> <!-- initialize -->
        <test-method status="PASS" signature="beforeTestMethod(java.lang.reflect.Method)[pri:0, instance:com.qi.mapsync.tests.AU011_SignInValidation@6a41eaa2]" name="beforeTestMethod" is-config="true" duration-ms="4" started-at="2019-09-10T00:30:50Z" finished-at="2019-09-10T00:30:50Z">
          <params>
            <param index="0">
              <value>
                <![CDATA[public void com.qi.mapsync.tests.AU011_SignInValidation.testSignin() throws java.lang.Exception]]>
              </value>
            </param>
          </params>
          <reporter-output>
          </reporter-output>
        </test-method> <!-- beforeTestMethod -->
        <test-method status="PASS" signature="testSignin()[pri:0, instance:com.qi.mapsync.tests.AU011_SignInValidation@6a41eaa2]" name="testSignin" duration-ms="31418" started-at="2019-09-10T00:30:50Z" finished-at="2019-09-10T00:31:21Z">
          <reporter-output>
          </reporter-output>
        </test-method> <!-- testSignin -->
        <test-method status="PASS" signature="afterMethod()[pri:0, instance:com.qi.mapsync.tests.AU011_SignInValidation@6a41eaa2]" name="afterMethod" is-config="true" duration-ms="0" started-at="2019-09-10T00:31:21Z" finished-at="2019-09-10T00:31:21Z">
          <reporter-output>
          </reporter-output>
        </test-method> <!-- afterMethod -->
        <test-method status="PASS" signature="TeardownTest()[pri:0, instance:com.qi.mapsync.tests.AU011_SignInValidation@6a41eaa2]" name="TeardownTest" is-config="true" duration-ms="1085" started-at="2019-09-10T00:31:21Z" finished-at="2019-09-10T00:31:22Z">
          <reporter-output>
          </reporter-output>
        </test-method> <!-- TeardownTest -->
      </class> <!-- com.qi.mapsync.tests.AU011_SignInValidation -->
    </test> <!-- Default test -->
  </suite> <!-- Default suite -->
</testng-results>
