<?xml version="1.0" encoding="UTF-8"?>
<testng-results skipped="0" failed="0" total="2" passed="2">
  <reporter-output>
  </reporter-output>
  <suite name="MapSync App Test Suite" duration-ms="63444" started-at="2019-09-09T16:46:26Z" finished-at="2019-09-09T16:47:29Z">
    <groups>
    </groups>
    <test name="MapSync WebApp Validation - Chrome" duration-ms="63444" started-at="2019-09-09T16:46:26Z" finished-at="2019-09-09T16:47:29Z">
      <class name="com.qi.mapsync.tests.AU001_Uivalidation">
        <test-method status="PASS" signature="cleanReportDirectory()[pri:0, instance:com.qi.mapsync.tests.AU001_Uivalidation@783e6358]" name="cleanReportDirectory" is-config="true" duration-ms="22" started-at="2019-09-09T22:16:26Z" finished-at="2019-09-09T22:16:26Z">
          <reporter-output>
          </reporter-output>
        </test-method> <!-- cleanReportDirectory -->
        <test-method status="PASS" signature="initialize(java.lang.String)[pri:0, instance:com.qi.mapsync.tests.AU001_Uivalidation@783e6358]" name="initialize" is-config="true" duration-ms="6720" started-at="2019-09-09T22:16:26Z" finished-at="2019-09-09T22:16:33Z">
          <params>
            <param index="0">
              <value>
                <![CDATA[Chrome]]>
              </value>
            </param>
          </params>
          <reporter-output>
          </reporter-output>
        </test-method> <!-- initialize -->
        <test-method status="PASS" signature="beforeTestMethod(java.lang.reflect.Method)[pri:0, instance:com.qi.mapsync.tests.AU001_Uivalidation@783e6358]" name="beforeTestMethod" is-config="true" duration-ms="2" started-at="2019-09-09T22:16:33Z" finished-at="2019-09-09T22:16:33Z">
          <params>
            <param index="0">
              <value>
                <![CDATA[public void com.qi.mapsync.tests.AU001_Uivalidation.mapSyncUIValidation() throws java.lang.Exception]]>
              </value>
            </param>
          </params>
          <reporter-output>
          </reporter-output>
        </test-method> <!-- beforeTestMethod -->
        <test-method status="PASS" signature="mapSyncUIValidation()[pri:0, instance:com.qi.mapsync.tests.AU001_Uivalidation@783e6358]" name="mapSyncUIValidation" duration-ms="8367" started-at="2019-09-09T22:16:33Z" finished-at="2019-09-09T22:16:41Z">
          <reporter-output>
          </reporter-output>
        </test-method> <!-- mapSyncUIValidation -->
        <test-method status="PASS" signature="afterMethod()[pri:0, instance:com.qi.mapsync.tests.AU001_Uivalidation@783e6358]" name="afterMethod" is-config="true" duration-ms="0" started-at="2019-09-09T22:16:41Z" finished-at="2019-09-09T22:16:41Z">
          <reporter-output>
          </reporter-output>
        </test-method> <!-- afterMethod -->
        <test-method status="PASS" signature="TeardownTest()[pri:0, instance:com.qi.mapsync.tests.AU001_Uivalidation@783e6358]" name="TeardownTest" is-config="true" duration-ms="1182" started-at="2019-09-09T22:16:41Z" finished-at="2019-09-09T22:16:42Z">
          <reporter-output>
          </reporter-output>
        </test-method> <!-- TeardownTest -->
      </class> <!-- com.qi.mapsync.tests.AU001_Uivalidation -->
      <class name="com.qi.mapsync.tests.AU002_LiveIncidentvalidation">
        <test-method status="PASS" signature="initialize(java.lang.String)[pri:0, instance:com.qi.mapsync.tests.AU002_LiveIncidentvalidation@6fb554cc]" name="initialize" is-config="true" duration-ms="5461" started-at="2019-09-09T22:16:42Z" finished-at="2019-09-09T22:16:48Z">
          <params>
            <param index="0">
              <value>
                <![CDATA[Chrome]]>
              </value>
            </param>
          </params>
          <reporter-output>
          </reporter-output>
        </test-method> <!-- initialize -->
        <test-method status="PASS" signature="testLiveIncident()[pri:0, instance:com.qi.mapsync.tests.AU002_LiveIncidentvalidation@6fb554cc]" name="testLiveIncident" duration-ms="40889" started-at="2019-09-09T22:16:48Z" finished-at="2019-09-09T22:17:29Z">
          <reporter-output>
          </reporter-output>
        </test-method> <!-- testLiveIncident -->
        <test-method status="PASS" signature="beforeTestMethod(java.lang.reflect.Method)[pri:0, instance:com.qi.mapsync.tests.AU002_LiveIncidentvalidation@6fb554cc]" name="beforeTestMethod" is-config="true" duration-ms="0" started-at="2019-09-09T22:16:48Z" finished-at="2019-09-09T22:16:48Z">
          <params>
            <param index="0">
              <value>
                <![CDATA[public void com.qi.mapsync.tests.AU002_LiveIncidentvalidation.testLiveIncident() throws java.lang.Exception]]>
              </value>
            </param>
          </params>
          <reporter-output>
          </reporter-output>
        </test-method> <!-- beforeTestMethod -->
        <test-method status="PASS" signature="afterMethod()[pri:0, instance:com.qi.mapsync.tests.AU002_LiveIncidentvalidation@6fb554cc]" name="afterMethod" is-config="true" duration-ms="3" started-at="2019-09-09T22:17:29Z" finished-at="2019-09-09T22:17:29Z">
          <reporter-output>
          </reporter-output>
        </test-method> <!-- afterMethod -->
        <test-method status="PASS" signature="TeardownTest()[pri:0, instance:com.qi.mapsync.tests.AU002_LiveIncidentvalidation@6fb554cc]" name="TeardownTest" is-config="true" duration-ms="809" started-at="2019-09-09T22:17:29Z" finished-at="2019-09-09T22:17:29Z">
          <reporter-output>
          </reporter-output>
        </test-method> <!-- TeardownTest -->
      </class> <!-- com.qi.mapsync.tests.AU002_LiveIncidentvalidation -->
    </test> <!-- MapSync WebApp Validation - Chrome -->
  </suite> <!-- MapSync App Test Suite -->
</testng-results>
