<?xml version="1.0" encoding="UTF-8"?>
<testng-results skipped="0" failed="0" total="2" passed="2">
  <reporter-output>
  </reporter-output>
  <suite name="MapSync App Test Suite" duration-ms="58432" started-at="2019-09-09T12:51:49Z" finished-at="2019-09-09T12:52:48Z">
    <groups>
    </groups>
    <test name="MapSync WebApp Validation - Chrome" duration-ms="58432" started-at="2019-09-09T12:51:49Z" finished-at="2019-09-09T12:52:48Z">
      <class name="com.qi.mapsync.tests.AU001_Uivalidation">
        <test-method status="PASS" signature="cleanReportDirectory()[pri:0, instance:com.qi.mapsync.tests.AU001_Uivalidation@783e6358]" name="cleanReportDirectory" is-config="true" duration-ms="22" started-at="2019-09-09T18:21:49Z" finished-at="2019-09-09T18:21:49Z">
          <reporter-output>
          </reporter-output>
        </test-method> <!-- cleanReportDirectory -->
        <test-method status="PASS" signature="initialize(java.lang.String)[pri:0, instance:com.qi.mapsync.tests.AU001_Uivalidation@783e6358]" name="initialize" is-config="true" duration-ms="6731" started-at="2019-09-09T18:21:49Z" finished-at="2019-09-09T18:21:56Z">
          <params>
            <param index="0">
              <value>
                <![CDATA[Chrome]]>
              </value>
            </param>
          </params>
          <reporter-output>
          </reporter-output>
        </test-method> <!-- initialize -->
        <test-method status="PASS" signature="beforeTestMethod(java.lang.reflect.Method)[pri:0, instance:com.qi.mapsync.tests.AU001_Uivalidation@783e6358]" name="beforeTestMethod" is-config="true" duration-ms="3" started-at="2019-09-09T18:21:56Z" finished-at="2019-09-09T18:21:56Z">
          <params>
            <param index="0">
              <value>
                <![CDATA[public void com.qi.mapsync.tests.AU001_Uivalidation.mapSyncUIValidation() throws java.lang.Exception]]>
              </value>
            </param>
          </params>
          <reporter-output>
          </reporter-output>
        </test-method> <!-- beforeTestMethod -->
        <test-method status="PASS" signature="mapSyncUIValidation()[pri:0, instance:com.qi.mapsync.tests.AU001_Uivalidation@783e6358]" name="mapSyncUIValidation" duration-ms="8362" started-at="2019-09-09T18:21:56Z" finished-at="2019-09-09T18:22:04Z">
          <reporter-output>
          </reporter-output>
        </test-method> <!-- mapSyncUIValidation -->
        <test-method status="PASS" signature="afterMethod()[pri:0, instance:com.qi.mapsync.tests.AU001_Uivalidation@783e6358]" name="afterMethod" is-config="true" duration-ms="0" started-at="2019-09-09T18:22:04Z" finished-at="2019-09-09T18:22:04Z">
          <reporter-output>
          </reporter-output>
        </test-method> <!-- afterMethod -->
        <test-method status="PASS" signature="TeardownTest()[pri:0, instance:com.qi.mapsync.tests.AU001_Uivalidation@783e6358]" name="TeardownTest" is-config="true" duration-ms="1128" started-at="2019-09-09T18:22:04Z" finished-at="2019-09-09T18:22:06Z">
          <reporter-output>
          </reporter-output>
        </test-method> <!-- TeardownTest -->
      </class> <!-- com.qi.mapsync.tests.AU001_Uivalidation -->
      <class name="com.qi.mapsync.tests.AU002_LiveIncidentvalidation">
        <test-method status="PASS" signature="initialize(java.lang.String)[pri:0, instance:com.qi.mapsync.tests.AU002_LiveIncidentvalidation@6fb554cc]" name="initialize" is-config="true" duration-ms="5354" started-at="2019-09-09T18:22:06Z" finished-at="2019-09-09T18:22:11Z">
          <params>
            <param index="0">
              <value>
                <![CDATA[Chrome]]>
              </value>
            </param>
          </params>
          <reporter-output>
          </reporter-output>
        </test-method> <!-- initialize -->
        <test-method status="PASS" signature="beforeTestMethod(java.lang.reflect.Method)[pri:0, instance:com.qi.mapsync.tests.AU002_LiveIncidentvalidation@6fb554cc]" name="beforeTestMethod" is-config="true" duration-ms="1" started-at="2019-09-09T18:22:11Z" finished-at="2019-09-09T18:22:11Z">
          <params>
            <param index="0">
              <value>
                <![CDATA[public void com.qi.mapsync.tests.AU002_LiveIncidentvalidation.testLiveIncident() throws java.lang.Exception]]>
              </value>
            </param>
          </params>
          <reporter-output>
          </reporter-output>
        </test-method> <!-- beforeTestMethod -->
        <test-method status="PASS" signature="testLiveIncident()[pri:0, instance:com.qi.mapsync.tests.AU002_LiveIncidentvalidation@6fb554cc]" name="testLiveIncident" duration-ms="36029" started-at="2019-09-09T18:22:11Z" finished-at="2019-09-09T18:22:47Z">
          <reporter-output>
          </reporter-output>
        </test-method> <!-- testLiveIncident -->
        <test-method status="PASS" signature="afterMethod()[pri:0, instance:com.qi.mapsync.tests.AU002_LiveIncidentvalidation@6fb554cc]" name="afterMethod" is-config="true" duration-ms="0" started-at="2019-09-09T18:22:47Z" finished-at="2019-09-09T18:22:47Z">
          <reporter-output>
          </reporter-output>
        </test-method> <!-- afterMethod -->
        <test-method status="PASS" signature="TeardownTest()[pri:0, instance:com.qi.mapsync.tests.AU002_LiveIncidentvalidation@6fb554cc]" name="TeardownTest" is-config="true" duration-ms="813" started-at="2019-09-09T18:22:47Z" finished-at="2019-09-09T18:22:48Z">
          <reporter-output>
          </reporter-output>
        </test-method> <!-- TeardownTest -->
      </class> <!-- com.qi.mapsync.tests.AU002_LiveIncidentvalidation -->
    </test> <!-- MapSync WebApp Validation - Chrome -->
  </suite> <!-- MapSync App Test Suite -->
</testng-results>
